Solid Edge Translation to STEP
Date: terça-feira,junho 19,2018 09:52
Output File: C:\Users\2solve\Google Drive\Produção Mecânica\2017-Running-LEMI\5-Produção Mecânica\28-02-2018\Componentes\Rampa\Frame\Frame Components.stp
Author: Unknown
Organization: Unknown
Source System: Solid Edge

Hardware:
Processor: Intel(R) Core(TM) i7-4790 CPU @ 3.60GHz
Operating System: Windows 8 Professional
Installed Memory: 7.87 GB

Software Information
Parasolid Version: 28.0.143
PSBodyShop Version: 28.0.80
Step Adapter Version: 1.0.820
Solid Edge Version: 108.00.00.091 x64

STEP Export Options
Export Format: AP214
Export Construction Sheets: Off
Export Construction Solids: Off
Export Construction Wires: Off
Export Displayed Parts Only: Off
Export Units: Millimeters
Export Part Component Names As Unicode: Off

Phase 1 of 1 Translating Parasolid to foreign data types...
Translation process completed
Time required to translate:00 : 00 : 04
